<?xml version="1.0" encoding="UTF-8"?>
<!-- Generated by org.testng.reporters.JUnitReportReporter -->
<testsuite hostname="DESKTOP-4JOONED" failures="0" tests="6" name="tests.OrderBook" time="46.403" errors="0" timestamp="2022-10-07T00:22:22 BDT" skipped="0">
  <testcase classname="tests.OrderBook" name="hoverOnBangla" time="4.385"/>
  <system-out/>
  <testcase classname="tests.OrderBook" name="clickOnUpponash" time="4.211"/>
  <system-out/>
  <testcase classname="tests.OrderBook" name="selectNextPage" time="4.767"/>
  <system-out/>
  <testcase classname="tests.OrderBook" name="addToCart" time="21.542"/>
  <system-out/>
  <testcase classname="tests.OrderBook" name="hoverOnCartIcon" time="5.522"/>
  <system-out/>
  <testcase classname="tests.OrderBook" name="clickOnCheckOut" time="5.976"/>
  <system-out/>
</testsuite> <!-- tests.OrderBook -->
