<?xml version="1.0" encoding="UTF-8"?>
<!-- Generated by org.testng.reporters.JUnitReportReporter -->
<testsuite hostname="DESKTOP-4JOONED" failures="0" tests="12" name="tests.ProvideBellingDetails" time="13.444" errors="0" timestamp="2022-10-07T00:22:22 BDT" skipped="0">
  <testcase classname="tests.ProvideBellingDetails" name="fillDiscountCode" time="0.206"/>
  <system-out/>
  <testcase classname="tests.ProvideBellingDetails" name="fillName" time="0.184"/>
  <system-out/>
  <testcase classname="tests.ProvideBellingDetails" name="fillLastName" time="0.149"/>
  <system-out/>
  <testcase classname="tests.ProvideBellingDetails" name="clickOnCountry" time="0.153"/>
  <system-out/>
  <testcase classname="tests.ProvideBellingDetails" name="selectCountry" time="0.166"/>
  <system-out/>
  <testcase classname="tests.ProvideBellingDetails" name="fillAddress" time="0.255"/>
  <system-out/>
  <testcase classname="tests.ProvideBellingDetails" name="fillAddress2" time="0.191"/>
  <system-out/>
  <testcase classname="tests.ProvideBellingDetails" name="fillPostcode" time="0.161"/>
  <system-out/>
  <testcase classname="tests.ProvideBellingDetails" name="fillPhoneNumber" time="0.204"/>
  <system-out/>
  <testcase classname="tests.ProvideBellingDetails" name="fillEmail" time="0.173"/>
  <system-out/>
  <testcase classname="tests.ProvideBellingDetails" name="fillOrderNotes" time="7.262"/>
  <system-out/>
  <testcase classname="tests.ProvideBellingDetails" name="clickOnCheckBox" time="4.340"/>
  <system-out/>
</testsuite> <!-- tests.ProvideBellingDetails -->
